<?xml version="1.0" encoding="UTF-8" ?>
<testsuite tests="11" failures="0" name="com.mycompany.chiroSupport.sample.ReceptionistDataEntryTest" time="11.067" errors="1" skipped="0">
  <properties>
    <property name="idea.version" value="2016.3"/>
    <property name="java.runtime.name" value="Java(TM) SE Runtime Environment"/>
    <property name="sun.boot.library.path" value="C:\Program Files\Java\jdk1.8.0_60\jre\bin"/>
    <property name="java.vm.version" value="25.60-b23"/>
    <property name="java.vm.vendor" value="Oracle Corporation"/>
    <property name="maven.multiModuleProjectDirectory" value="E:\SemProject\my-app"/>
    <property name="java.vendor.url" value="http://java.oracle.com/"/>
    <property name="path.separator" value=";"/>
    <property name="guice.disable.misplaced.annotation.check" value="true"/>
    <property name="java.vm.name" value="Java HotSpot(TM) 64-Bit Server VM"/>
    <property name="file.encoding.pkg" value="sun.io"/>
    <property name="idea.launcher.port" value="7534"/>
    <property name="user.script" value=""/>
    <property name="user.country" value="US"/>
    <property name="sun.java.launcher" value="SUN_STANDARD"/>
    <property name="sun.os.patch.level" value=""/>
    <property name="java.vm.specification.name" value="Java Virtual Machine Specification"/>
    <property name="user.dir" value="E:\SemProject\my-app"/>
    <property name="java.runtime.version" value="1.8.0_60-b27"/>
    <property name="java.awt.graphicsenv" value="sun.awt.Win32GraphicsEnvironment"/>
    <property name="java.endorsed.dirs" value="C:\Program Files\Java\jdk1.8.0_60\jre\lib\endorsed"/>
    <property name="os.arch" value="amd64"/>
    <property name="java.io.tmpdir" value="C:\Users\Salaka\AppData\Local\Temp\"/>
    <property name="line.separator" value="
"/>
    <property name="java.vm.specification.vendor" value="Oracle Corporation"/>
    <property name="user.variant" value=""/>
    <property name="os.name" value="Windows 8.1"/>
    <property name="classworlds.conf" value="C:\Program Files (x86)\JetBrains\IntelliJ IDEA 2016.3\plugins\maven\lib\maven3\bin\m2.conf"/>
    <property name="sun.jnu.encoding" value="Cp1252"/>
    <property name="java.library.path" value="C:\Program Files\Java\jdk1.8.0_60\bin;C:\Windows\Sun\Java\bin;C:\Windows\system32;C:\Windows;C:\ProgramData\Oracle\Java\javapath;C:\Program Files (x86)\Intel\iCLS Client\;C:\Program Files\Intel\iCLS Client\;C:\Windows\system32;C:\Windows;C:\Windows\System32\Wbem;C:\Windows\System32\WindowsPowerShell\v1.0\;C:\Program Files\Intel\Intel(R) Management Engine Components\DAL;C:\Program Files\Intel\Intel(R) Management Engine Components\IPT;C:\Program Files (x86)\Intel\Intel(R) Management Engine Components\DAL;C:\Program Files (x86)\Intel\Intel(R) Management Engine Components\IPT;C:\xampp\php;C:\ProgramData\ComposerSetup\bin;C:\Windows\system32\config\systemprofile\.dnx\bin;C:\Program Files\Microsoft DNX\Dnvm\;C:\Program Files\Microsoft SQL Server\120\Tools\Binn\;C:\Program Files (x86)\GtkSharp\2.12\bin;C:\Program Files\Java\jdk1.8.0_60/bin;C:\Apache\apache-ant-1.10.1/bin;C:\Apache\apache-maven-3.3.9-bin\apache-maven-3.3.9\bin;C:\xampp\mysql\bin;c:\users\salaka\appdata\local\enthought\canopy\user\scripts;C:\Users\Salaka\Anaconda2;C:\Users\Salaka\Anaconda2\Scripts;C:\Users\Salaka\Anaconda2\Library\bin;C:\Users\Salaka\Anaconda3;C:\Users\Salaka\Anaconda3\Scripts;C:\Users\Salaka\Anaconda3\Library\bin;C:\Users\Salaka\AppData\Roaming\Composer\vendor\bin;C:\Users\Salaka\AppData\Local\Enthought\Canopy\User;C:\Users\Salaka\AppData\Local\Enthought\Canopy\User\Scripts;C:\Program Files\Heroku\bin;."/>
    <property name="java.specification.name" value="Java Platform API Specification"/>
    <property name="java.class.version" value="52.0"/>
    <property name="sun.management.compiler" value="HotSpot 64-Bit Tiered Compilers"/>
    <property name="os.version" value="6.3"/>
    <property name="user.home" value="C:\Users\Salaka"/>
    <property name="user.timezone" value="Asia/Colombo"/>
    <property name="java.awt.printerjob" value="sun.awt.windows.WPrinterJob"/>
    <property name="java.specification.version" value="1.8"/>
    <property name="idea.launcher.bin.path" value="C:\Program Files (x86)\JetBrains\IntelliJ IDEA 2016.3\bin"/>
    <property name="file.encoding" value="UTF-8"/>
    <property name="user.name" value="Salaka"/>
    <property name="java.class.path" value="C:\Program Files (x86)\JetBrains\IntelliJ IDEA 2016.3\plugins\maven\lib\maven3\boot\plexus-classworlds-2.5.2.jar;C:\Program Files (x86)\JetBrains\IntelliJ IDEA 2016.3\lib\idea_rt.jar"/>
    <property name="java.vm.specification.version" value="1.8"/>
    <property name="sun.arch.data.model" value="64"/>
    <property name="java.home" value="C:\Program Files\Java\jdk1.8.0_60\jre"/>
    <property name="sun.java.command" value="com.intellij.rt.execution.application.AppMain org.codehaus.classworlds.Launcher -Didea.version=2016.3 test"/>
    <property name="java.specification.vendor" value="Oracle Corporation"/>
    <property name="user.language" value="en"/>
    <property name="awt.toolkit" value="sun.awt.windows.WToolkit"/>
    <property name="java.vm.info" value="mixed mode"/>
    <property name="java.version" value="1.8.0_60"/>
    <property name="java.ext.dirs" value="C:\Program Files\Java\jdk1.8.0_60\jre\lib\ext;C:\Windows\Sun\Java\lib\ext"/>
    <property name="sun.boot.class.path" value="C:\Program Files\Java\jdk1.8.0_60\jre\lib\resources.jar;C:\Program Files\Java\jdk1.8.0_60\jre\lib\rt.jar;C:\Program Files\Java\jdk1.8.0_60\jre\lib\sunrsasign.jar;C:\Program Files\Java\jdk1.8.0_60\jre\lib\jsse.jar;C:\Program Files\Java\jdk1.8.0_60\jre\lib\jce.jar;C:\Program Files\Java\jdk1.8.0_60\jre\lib\charsets.jar;C:\Program Files\Java\jdk1.8.0_60\jre\lib\jfr.jar;C:\Program Files\Java\jdk1.8.0_60\jre\classes"/>
    <property name="java.vendor" value="Oracle Corporation"/>
    <property name="maven.home" value="C:\Program Files (x86)\JetBrains\IntelliJ IDEA 2016.3\plugins\maven\lib\maven3"/>
    <property name="file.separator" value="\"/>
    <property name="java.vendor.url.bug" value="http://bugreport.sun.com/bugreport/"/>
    <property name="sun.cpu.endian" value="little"/>
    <property name="sun.io.unicode.encoding" value="UnicodeLittle"/>
    <property name="sun.desktop" value="windows"/>
    <property name="sun.cpu.isalist" value="amd64"/>
  </properties>
  <testcase classname="com.mycompany.chiroSupport.sample.ReceptionistDataEntryTest" name="checkNameFld10" time="8.364"/>
  <testcase classname="com.mycompany.chiroSupport.sample.ReceptionistDataEntryTest" name="checkNameFld11" time="0.269"/>
  <testcase classname="com.mycompany.chiroSupport.sample.ReceptionistDataEntryTest" name="checkNameFld2" time="0.236"/>
  <testcase classname="com.mycompany.chiroSupport.sample.ReceptionistDataEntryTest" name="checkNameFld3" time="0.267"/>
  <testcase classname="com.mycompany.chiroSupport.sample.ReceptionistDataEntryTest" name="checkNameFld4" time="0.228"/>
  <testcase classname="com.mycompany.chiroSupport.sample.ReceptionistDataEntryTest" name="checkNameFld5" time="0.22"/>
  <testcase classname="com.mycompany.chiroSupport.sample.ReceptionistDataEntryTest" name="checkNameFld6" time="0.895"/>
  <testcase classname="com.mycompany.chiroSupport.sample.ReceptionistDataEntryTest" name="checkNameFld7" time="0.007"/>
  <testcase classname="com.mycompany.chiroSupport.sample.ReceptionistDataEntryTest" name="checkNameFld8" time="0.001"/>
  <testcase classname="com.mycompany.chiroSupport.sample.ReceptionistDataEntryTest" name="checkNameFld9" time="0.39">
    <error message="No nodes matched &apos;#patientNamefd&apos;. Screenshot saved as E:\SemProject\my-app\screenshot1494608846004.png." type="org.loadui.testfx.exceptions.NoNodesFoundException">org.loadui.testfx.exceptions.NoNodesFoundException: No nodes matched &apos;#patientNamefd&apos;. Screenshot saved as E:\SemProject\my-app\screenshot1494608846004.png.
	at org.loadui.testfx.GuiTest.assertNodesFound(GuiTest.java:244)
	at org.loadui.testfx.GuiTest.findAll(GuiTest.java:250)
	at org.loadui.testfx.GuiTest.findByCssSelector(GuiTest.java:432)
	at org.loadui.testfx.GuiTest.find(GuiTest.java:300)
	at com.mycompany.chiroSupport.sample.ReceptionistDataEntryTest.checkNameFld9(ReceptionistDataEntryTest.java:74)
	at sun.reflect.NativeMethodAccessorImpl.invoke0(Native Method)
	at sun.reflect.NativeMethodAccessorImpl.invoke(NativeMethodAccessorImpl.java:62)
	at sun.reflect.DelegatingMethodAccessorImpl.invoke(DelegatingMethodAccessorImpl.java:43)
	at java.lang.reflect.Method.invoke(Method.java:497)
	at org.junit.runners.model.FrameworkMethod$1.runReflectiveCall(FrameworkMethod.java:50)
	at org.junit.internal.runners.model.ReflectiveCallable.run(ReflectiveCallable.java:12)
	at org.junit.runners.model.FrameworkMethod.invokeExplosively(FrameworkMethod.java:47)
	at org.junit.internal.runners.statements.InvokeMethod.evaluate(InvokeMethod.java:17)
	at org.junit.internal.runners.statements.RunBefores.evaluate(RunBefores.java:26)
	at org.junit.internal.runners.statements.RunAfters.evaluate(RunAfters.java:27)
	at org.junit.runners.ParentRunner.runLeaf(ParentRunner.java:325)
	at org.junit.runners.BlockJUnit4ClassRunner.runChild(BlockJUnit4ClassRunner.java:78)
	at org.junit.runners.BlockJUnit4ClassRunner.runChild(BlockJUnit4ClassRunner.java:57)
	at org.junit.runners.ParentRunner$3.run(ParentRunner.java:290)
	at org.junit.runners.ParentRunner$1.schedule(ParentRunner.java:71)
	at org.junit.runners.ParentRunner.runChildren(ParentRunner.java:288)
	at org.junit.runners.ParentRunner.access$000(ParentRunner.java:58)
	at org.junit.runners.ParentRunner$2.evaluate(ParentRunner.java:268)
	at org.junit.runners.ParentRunner.run(ParentRunner.java:363)
	at org.apache.maven.surefire.junit4.JUnit4Provider.execute(JUnit4Provider.java:252)
	at org.apache.maven.surefire.junit4.JUnit4Provider.executeTestSet(JUnit4Provider.java:141)
	at org.apache.maven.surefire.junit4.JUnit4Provider.invoke(JUnit4Provider.java:112)
	at sun.reflect.NativeMethodAccessorImpl.invoke0(Native Method)
	at sun.reflect.NativeMethodAccessorImpl.invoke(NativeMethodAccessorImpl.java:62)
	at sun.reflect.DelegatingMethodAccessorImpl.invoke(DelegatingMethodAccessorImpl.java:43)
	at java.lang.reflect.Method.invoke(Method.java:497)
	at org.apache.maven.surefire.util.ReflectionUtils.invokeMethodWithArray(ReflectionUtils.java:189)
	at org.apache.maven.surefire.booter.ProviderFactory$ProviderProxy.invoke(ProviderFactory.java:165)
	at org.apache.maven.surefire.booter.ProviderFactory.invokeProvider(ProviderFactory.java:85)
	at org.apache.maven.surefire.booter.ForkedBooter.runSuitesInProcess(ForkedBooter.java:115)
	at org.apache.maven.surefire.booter.ForkedBooter.main(ForkedBooter.java:75)
</error>
    <system-out>Hibernate: select patient0_.refNo as refNo1_8_, patient0_.address as address2_8_, patient0_.bhtNo as bhtNo3_8_, patient0_.contactNo as contactN4_8_, patient0_.dob as dob5_8_, patient0_.gender as gender6_8_, patient0_.name as name7_8_, patient0_.nicNo as nicNo8_8_ from patient patient0_
Hibernate: select medicalhx0_.id as id1_3_1_, medicalhx0_.ayurveda as ayurveda2_3_1_, medicalhx0_.exPhysiotherapy as exPhysio3_3_1_, medicalhx0_.familyHx as familyHx4_3_1_, medicalhx0_.injury as injury5_3_1_, medicalhx0_.medication as medicati6_3_1_, medicalhx0_.other as other7_3_1_, medicalhx0_.patient_id as patient10_3_1_, medicalhx0_.socialHx as socialHx8_3_1_, medicalhx0_.surgery as surgery9_3_1_, patient1_.refNo as refNo1_8_0_, patient1_.address as address2_8_0_, patient1_.bhtNo as bhtNo3_8_0_, patient1_.contactNo as contactN4_8_0_, patient1_.dob as dob5_8_0_, patient1_.gender as gender6_8_0_, patient1_.name as name7_8_0_, patient1_.nicNo as nicNo8_8_0_ from medicalHx medicalhx0_ inner join patient patient1_ on medicalhx0_.patient_id=patient1_.refNo where medicalhx0_.patient_id=?
Hibernate: select medicalhx0_.id as id1_3_1_, medicalhx0_.ayurveda as ayurveda2_3_1_, medicalhx0_.exPhysiotherapy as exPhysio3_3_1_, medicalhx0_.familyHx as familyHx4_3_1_, medicalhx0_.injury as injury5_3_1_, medicalhx0_.medication as medicati6_3_1_, medicalhx0_.other as other7_3_1_, medicalhx0_.patient_id as patient10_3_1_, medicalhx0_.socialHx as socialHx8_3_1_, medicalhx0_.surgery as surgery9_3_1_, patient1_.refNo as refNo1_8_0_, patient1_.address as address2_8_0_, patient1_.bhtNo as bhtNo3_8_0_, patient1_.contactNo as contactN4_8_0_, patient1_.dob as dob5_8_0_, patient1_.gender as gender6_8_0_, patient1_.name as name7_8_0_, patient1_.nicNo as nicNo8_8_0_ from medicalHx medicalhx0_ inner join patient patient1_ on medicalhx0_.patient_id=patient1_.refNo where medicalhx0_.patient_id=?
Hibernate: select medicalhx0_.id as id1_3_1_, medicalhx0_.ayurveda as ayurveda2_3_1_, medicalhx0_.exPhysiotherapy as exPhysio3_3_1_, medicalhx0_.familyHx as familyHx4_3_1_, medicalhx0_.injury as injury5_3_1_, medicalhx0_.medication as medicati6_3_1_, medicalhx0_.other as other7_3_1_, medicalhx0_.patient_id as patient10_3_1_, medicalhx0_.socialHx as socialHx8_3_1_, medicalhx0_.surgery as surgery9_3_1_, patient1_.refNo as refNo1_8_0_, patient1_.address as address2_8_0_, patient1_.bhtNo as bhtNo3_8_0_, patient1_.contactNo as contactN4_8_0_, patient1_.dob as dob5_8_0_, patient1_.gender as gender6_8_0_, patient1_.name as name7_8_0_, patient1_.nicNo as nicNo8_8_0_ from medicalHx medicalhx0_ inner join patient patient1_ on medicalhx0_.patient_id=patient1_.refNo where medicalhx0_.patient_id=?
Hibernate: select medicalhx0_.id as id1_3_1_, medicalhx0_.ayurveda as ayurveda2_3_1_, medicalhx0_.exPhysiotherapy as exPhysio3_3_1_, medicalhx0_.familyHx as familyHx4_3_1_, medicalhx0_.injury as injury5_3_1_, medicalhx0_.medication as medicati6_3_1_, medicalhx0_.other as other7_3_1_, medicalhx0_.patient_id as patient10_3_1_, medicalhx0_.socialHx as socialHx8_3_1_, medicalhx0_.surgery as surgery9_3_1_, patient1_.refNo as refNo1_8_0_, patient1_.address as address2_8_0_, patient1_.bhtNo as bhtNo3_8_0_, patient1_.contactNo as contactN4_8_0_, patient1_.dob as dob5_8_0_, patient1_.gender as gender6_8_0_, patient1_.name as name7_8_0_, patient1_.nicNo as nicNo8_8_0_ from medicalHx medicalhx0_ inner join patient patient1_ on medicalhx0_.patient_id=patient1_.refNo where medicalhx0_.patient_id=?
Hibernate: select medicalhx0_.id as id1_3_1_, medicalhx0_.ayurveda as ayurveda2_3_1_, medicalhx0_.exPhysiotherapy as exPhysio3_3_1_, medicalhx0_.familyHx as familyHx4_3_1_, medicalhx0_.injury as injury5_3_1_, medicalhx0_.medication as medicati6_3_1_, medicalhx0_.other as other7_3_1_, medicalhx0_.patient_id as patient10_3_1_, medicalhx0_.socialHx as socialHx8_3_1_, medicalhx0_.surgery as surgery9_3_1_, patient1_.refNo as refNo1_8_0_, patient1_.address as address2_8_0_, patient1_.bhtNo as bhtNo3_8_0_, patient1_.contactNo as contactN4_8_0_, patient1_.dob as dob5_8_0_, patient1_.gender as gender6_8_0_, patient1_.name as name7_8_0_, patient1_.nicNo as nicNo8_8_0_ from medicalHx medicalhx0_ inner join patient patient1_ on medicalhx0_.patient_id=patient1_.refNo where medicalhx0_.patient_id=?
Hibernate: select medicalhx0_.id as id1_3_1_, medicalhx0_.ayurveda as ayurveda2_3_1_, medicalhx0_.exPhysiotherapy as exPhysio3_3_1_, medicalhx0_.familyHx as familyHx4_3_1_, medicalhx0_.injury as injury5_3_1_, medicalhx0_.medication as medicati6_3_1_, medicalhx0_.other as other7_3_1_, medicalhx0_.patient_id as patient10_3_1_, medicalhx0_.socialHx as socialHx8_3_1_, medicalhx0_.surgery as surgery9_3_1_, patient1_.refNo as refNo1_8_0_, patient1_.address as address2_8_0_, patient1_.bhtNo as bhtNo3_8_0_, patient1_.contactNo as contactN4_8_0_, patient1_.dob as dob5_8_0_, patient1_.gender as gender6_8_0_, patient1_.name as name7_8_0_, patient1_.nicNo as nicNo8_8_0_ from medicalHx medicalhx0_ inner join patient patient1_ on medicalhx0_.patient_id=patient1_.refNo where medicalhx0_.patient_id=?
Hibernate: select medicalhx0_.id as id1_3_1_, medicalhx0_.ayurveda as ayurveda2_3_1_, medicalhx0_.exPhysiotherapy as exPhysio3_3_1_, medicalhx0_.familyHx as familyHx4_3_1_, medicalhx0_.injury as injury5_3_1_, medicalhx0_.medication as medicati6_3_1_, medicalhx0_.other as other7_3_1_, medicalhx0_.patient_id as patient10_3_1_, medicalhx0_.socialHx as socialHx8_3_1_, medicalhx0_.surgery as surgery9_3_1_, patient1_.refNo as refNo1_8_0_, patient1_.address as address2_8_0_, patient1_.bhtNo as bhtNo3_8_0_, patient1_.contactNo as contactN4_8_0_, patient1_.dob as dob5_8_0_, patient1_.gender as gender6_8_0_, patient1_.name as name7_8_0_, patient1_.nicNo as nicNo8_8_0_ from medicalHx medicalhx0_ inner join patient patient1_ on medicalhx0_.patient_id=patient1_.refNo where medicalhx0_.patient_id=?
Hibernate: select medicalhx0_.id as id1_3_1_, medicalhx0_.ayurveda as ayurveda2_3_1_, medicalhx0_.exPhysiotherapy as exPhysio3_3_1_, medicalhx0_.familyHx as familyHx4_3_1_, medicalhx0_.injury as injury5_3_1_, medicalhx0_.medication as medicati6_3_1_, medicalhx0_.other as other7_3_1_, medicalhx0_.patient_id as patient10_3_1_, medicalhx0_.socialHx as socialHx8_3_1_, medicalhx0_.surgery as surgery9_3_1_, patient1_.refNo as refNo1_8_0_, patient1_.address as address2_8_0_, patient1_.bhtNo as bhtNo3_8_0_, patient1_.contactNo as contactN4_8_0_, patient1_.dob as dob5_8_0_, patient1_.gender as gender6_8_0_, patient1_.name as name7_8_0_, patient1_.nicNo as nicNo8_8_0_ from medicalHx medicalhx0_ inner join patient patient1_ on medicalhx0_.patient_id=patient1_.refNo where medicalhx0_.patient_id=?
Hibernate: select medicalhx0_.id as id1_3_1_, medicalhx0_.ayurveda as ayurveda2_3_1_, medicalhx0_.exPhysiotherapy as exPhysio3_3_1_, medicalhx0_.familyHx as familyHx4_3_1_, medicalhx0_.injury as injury5_3_1_, medicalhx0_.medication as medicati6_3_1_, medicalhx0_.other as other7_3_1_, medicalhx0_.patient_id as patient10_3_1_, medicalhx0_.socialHx as socialHx8_3_1_, medicalhx0_.surgery as surgery9_3_1_, patient1_.refNo as refNo1_8_0_, patient1_.address as address2_8_0_, patient1_.bhtNo as bhtNo3_8_0_, patient1_.contactNo as contactN4_8_0_, patient1_.dob as dob5_8_0_, patient1_.gender as gender6_8_0_, patient1_.name as name7_8_0_, patient1_.nicNo as nicNo8_8_0_ from medicalHx medicalhx0_ inner join patient patient1_ on medicalhx0_.patient_id=patient1_.refNo where medicalhx0_.patient_id=?
Hibernate: select medicalhx0_.id as id1_3_1_, medicalhx0_.ayurveda as ayurveda2_3_1_, medicalhx0_.exPhysiotherapy as exPhysio3_3_1_, medicalhx0_.familyHx as familyHx4_3_1_, medicalhx0_.injury as injury5_3_1_, medicalhx0_.medication as medicati6_3_1_, medicalhx0_.other as other7_3_1_, medicalhx0_.patient_id as patient10_3_1_, medicalhx0_.socialHx as socialHx8_3_1_, medicalhx0_.surgery as surgery9_3_1_, patient1_.refNo as refNo1_8_0_, patient1_.address as address2_8_0_, patient1_.bhtNo as bhtNo3_8_0_, patient1_.contactNo as contactN4_8_0_, patient1_.dob as dob5_8_0_, patient1_.gender as gender6_8_0_, patient1_.name as name7_8_0_, patient1_.nicNo as nicNo8_8_0_ from medicalHx medicalhx0_ inner join patient patient1_ on medicalhx0_.patient_id=patient1_.refNo where medicalhx0_.patient_id=?
</system-out>
    <system-err>May 12, 2017 10:37:25 PM javafx.fxml.FXMLLoader$ValueElement processValue
WARNING: Loading FXML document with JavaFX API of version 8.0.111 by JavaFX runtime of version 8.0.60
</system-err>
  </testcase>
  <testcase classname="com.mycompany.chiroSupport.sample.ReceptionistDataEntryTest" name="checkNameFld" time="0.19"/>
</testsuite>